#-----------------------------------------------------------
# Vivado v2022.2 (64-bit)
# SW Build 3671981 on Fri Oct 14 05:00:03 MDT 2022
# IP Build 3669848 on Fri Oct 14 08:30:02 MDT 2022
# Start of session at: Fri Jun 28 13:58:58 2024
# Process ID: 21592
# Current directory: C:/Users/LENOVO/Desktop/CE433/Practice/LAB05/AXI_ALU
# Command line: vivado.exe -gui_launcher_event rodinguilauncherevent18128 C:\Users\LENOVO\Desktop\CE433\Practice\LAB05\AXI_ALU\AXI_ALU.xpr
# Log file: C:/Users/LENOVO/Desktop/CE433/Practice/LAB05/AXI_ALU/vivado.log
# Journal file: C:/Users/LENOVO/Desktop/CE433/Practice/LAB05/AXI_ALU\vivado.jou
# Running On: BaoNgoc, OS: Windows, CPU Frequency: 2803 MHz, CPU Physical cores: 4, Host memory: 8379 MB
#-----------------------------------------------------------
start_gui
open_project C:/Users/LENOVO/Desktop/CE433/Practice/LAB05/AXI_ALU/AXI_ALU.xpr
WARNING: [Board 49-26] cannot add Board Part xilinx.com:kc705:part0:1.6 available at C:/Xilinx/Vivado/2022.2/data/xhub/boards/XilinxBoardStore/boards/Xilinx/kc705/1.6/board.xml as part xc7k325tffg900-2 specified in board_part file is either invalid or not available
WARNING: [Board 49-26] cannot add Board Part xilinx.com:kcu105:part0:1.6 available at C:/Xilinx/Vivado/2022.2/data/xhub/boards/XilinxBoardStore/boards/Xilinx/kcu105/1.6/board.xml as part xcku040-ffva1156-2-e specified in board_part file is either invalid or not available
WARNING: [Board 49-26] cannot add Board Part xilinx.com:kcu105:part0:1.7 available at C:/Xilinx/Vivado/2022.2/data/xhub/boards/XilinxBoardStore/boards/Xilinx/kcu105/1.7/board.xml as part xcku040-ffva1156-2-e specified in board_part file is either invalid or not available
WARNING: [Board 49-26] cannot add Board Part xilinx.com:kcu1500:part0:1.2 available at C:/Xilinx/Vivado/2022.2/data/xhub/boards/XilinxBoardStore/boards/Xilinx/kcu1500/1.2/board.xml as part xcku115-flvb2104-2-e specified in board_part file is either invalid or not available
WARNING: [Board 49-26] cannot add Board Part xilinx.com:vc707:part0:1.4 available at C:/Xilinx/Vivado/2022.2/data/xhub/boards/XilinxBoardStore/boards/Xilinx/vc707/1.4/board.xml as part xc7vx485tffg1761-2 specified in board_part file is either invalid or not available
WARNING: [Board 49-26] cannot add Board Part xilinx.com:vc709:part0:1.8 available at C:/Xilinx/Vivado/2022.2/data/xhub/boards/XilinxBoardStore/boards/Xilinx/vc709/1.8/board.xml as part xc7vx690tffg1761-2 specified in board_part file is either invalid or not available
WARNING: [Board 49-26] cannot add Board Part xilinx.com:vck190:part0:2.2 available at C:/Xilinx/Vivado/2022.2/data/xhub/boards/XilinxBoardStore/boards/Xilinx/vck190/production/2.2/board.xml as part xcvc1902-vsva2197-2mp-e-s specified in board_part file is either invalid or not available
WARNING: [Board 49-26] cannot add Board Part xilinx.com:vck190:part0:3.0 available at C:/Xilinx/Vivado/2022.2/data/xhub/boards/XilinxBoardStore/boards/Xilinx/vck190/production/3.0/board.xml as part xcvc1902-vsva2197-2mp-e-s specified in board_part file is either invalid or not available
WARNING: [Board 49-26] cannot add Board Part xilinx.com:vck190:part0:3.1 available at C:/Xilinx/Vivado/2022.2/data/xhub/boards/XilinxBoardStore/boards/Xilinx/vck190/production/3.1/board.xml as part xcvc1902-vsva2197-2mp-e-s specified in board_part file is either invalid or not available
WARNING: [Board 49-26] cannot add Board Part xilinx.com:vck190_newl:part0:1.0 available at C:/Xilinx/Vivado/2022.2/data/xhub/boards/XilinxBoardStore/boards/Xilinx/vck190_newl/production/1.0/board.xml as part xcvc1902-vsva2197-2mp-e-s specified in board_part file is either invalid or not available
WARNING: [Board 49-26] cannot add Board Part xilinx.com:vcu108:part0:1.6 available at C:/Xilinx/Vivado/2022.2/data/xhub/boards/XilinxBoardStore/boards/Xilinx/vcu108/1.6/board.xml as part xcvu095-ffva2104-2-e specified in board_part file is either invalid or not available
WARNING: [Board 49-26] cannot add Board Part xilinx.com:vcu108:part0:1.7 available at C:/Xilinx/Vivado/2022.2/data/xhub/boards/XilinxBoardStore/boards/Xilinx/vcu108/1.7/board.xml as part xcvu095-ffva2104-2-e specified in board_part file is either invalid or not available
WARNING: [Board 49-26] cannot add Board Part xilinx.com:vcu110:part0:1.4 available at C:/Xilinx/Vivado/2022.2/data/xhub/boards/XilinxBoardStore/boards/Xilinx/vcu110/1.4/board.xml as part xcvu190-flgc2104-2-e specified in board_part file is either invalid or not available
WARNING: [Board 49-26] cannot add Board Part xilinx.com:vcu118:part0:2.0 available at C:/Xilinx/Vivado/2022.2/data/xhub/boards/XilinxBoardStore/boards/Xilinx/vcu118/2.0/board.xml as part xcvu9p-flga2104-2l-e specified in board_part file is either invalid or not available
WARNING: [Board 49-26] cannot add Board Part xilinx.com:vcu118:part0:2.3 available at C:/Xilinx/Vivado/2022.2/data/xhub/boards/XilinxBoardStore/boards/Xilinx/vcu118/2.3/board.xml as part xcvu9p-flga2104-2l-e specified in board_part file is either invalid or not available
WARNING: [Board 49-26] cannot add Board Part xilinx.com:vcu118:part0:2.4 available at C:/Xilinx/Vivado/2022.2/data/xhub/boards/XilinxBoardStore/boards/Xilinx/vcu118/2.4/board.xml as part xcvu9p-flga2104-2l-e specified in board_part file is either invalid or not available
WARNING: [Board 49-26] cannot add Board Part xilinx.com:vcu128:part0:1.0 available at C:/Xilinx/Vivado/2022.2/data/xhub/boards/XilinxBoardStore/boards/Xilinx/vcu128/production/1.0/board.xml as part xcvu37p-fsvh2892-2l-e specified in board_part file is either invalid or not available
WARNING: [Board 49-26] cannot add Board Part xilinx.com:vcu129:part0:1.0 available at C:/Xilinx/Vivado/2022.2/data/xhub/boards/XilinxBoardStore/boards/Xilinx/vcu129/production/1.0/board.xml as part xcvu29p-fsga2577-2l-e specified in board_part file is either invalid or not available
WARNING: [Board 49-26] cannot add Board Part xilinx.com:vcu1525:part0:1.3 available at C:/Xilinx/Vivado/2022.2/data/xhub/boards/XilinxBoardStore/boards/Xilinx/vcu1525/1.3/board.xml as part xcvu9p-fsgd2104-2l-e specified in board_part file is either invalid or not available
WARNING: [Board 49-26] cannot add Board Part xilinx.com:vek280_es:part0:1.0 available at C:/Xilinx/Vivado/2022.2/data/xhub/boards/XilinxBoardStore/boards/Xilinx/vek280/es/1.0/board.xml as part xcve2802-vsvh1760-2lp-e-s-es1 specified in board_part file is either invalid or not available
WARNING: [Board 49-26] cannot add Board Part xilinx.com:vermeo_t1_mpsoc:part0:1.0 available at C:/Xilinx/Vivado/2022.2/data/xhub/boards/XilinxBoardStore/boards/Xilinx/vermeo_t1_mpsoc/1.0/board.xml as part xczu19eg-ffvd1760-2l-e specified in board_part file is either invalid or not available
WARNING: [Board 49-26] cannot add Board Part xilinx.com:vermeo_t1_rfsoc:part0:1.0 available at C:/Xilinx/Vivado/2022.2/data/xhub/boards/XilinxBoardStore/boards/Xilinx/vermeo_t1_rfsoc/1.0/board.xml as part xczu21dr-ffvd1156-2l-e specified in board_part file is either invalid or not available
WARNING: [Board 49-26] cannot add Board Part xilinx.com:vhk158_es:part0:1.0 available at C:/Xilinx/Vivado/2022.2/data/xhub/boards/XilinxBoardStore/boards/Xilinx/vhk158/es/1.0/board.xml as part xcvh1582-vsva3697-2mp-e-s-es1 specified in board_part file is either invalid or not available
WARNING: [Board 49-26] cannot add Board Part xilinx.com:vmk180:part0:2.2 available at C:/Xilinx/Vivado/2022.2/data/xhub/boards/XilinxBoardStore/boards/Xilinx/vmk180/production/2.2/board.xml as part xcvm1802-vsva2197-2mp-e-s specified in board_part file is either invalid or not available
WARNING: [Board 49-26] cannot add Board Part xilinx.com:vmk180:part0:3.0 available at C:/Xilinx/Vivado/2022.2/data/xhub/boards/XilinxBoardStore/boards/Xilinx/vmk180/production/3.0/board.xml as part xcvm1802-vsva2197-2mp-e-s specified in board_part file is either invalid or not available
WARNING: [Board 49-26] cannot add Board Part xilinx.com:vmk180:part0:3.1 available at C:/Xilinx/Vivado/2022.2/data/xhub/boards/XilinxBoardStore/boards/Xilinx/vmk180/production/3.1/board.xml as part xcvm1802-vsva2197-2mp-e-s specified in board_part file is either invalid or not available
WARNING: [Board 49-26] cannot add Board Part xilinx.com:vmk180_newl:part0:1.0 available at C:/Xilinx/Vivado/2022.2/data/xhub/boards/XilinxBoardStore/boards/Xilinx/vmk180_newl/production/1.0/board.xml as part xcvm1802-vsva2197-2mp-e-s specified in board_part file is either invalid or not available
WARNING: [Board 49-26] cannot add Board Part xilinx.com:vpk120:part0:1.0 available at C:/Xilinx/Vivado/2022.2/data/xhub/boards/XilinxBoardStore/boards/Xilinx/vpk120/production/1.0/board.xml as part xcvp1202-vsva2785-2mp-e-s specified in board_part file is either invalid or not available
WARNING: [Board 49-26] cannot add Board Part xilinx.com:vpk120_es:part0:1.2 available at C:/Xilinx/Vivado/2022.2/data/xhub/boards/XilinxBoardStore/boards/Xilinx/vpk120/es/1.2/board.xml as part xcvp1202-vsva2785-2mp-e-s-es1 specified in board_part file is either invalid or not available
WARNING: [Board 49-26] cannot add Board Part xilinx.com:vpk120_es_revb:part0:1.0 available at C:/Xilinx/Vivado/2022.2/data/xhub/boards/XilinxBoardStore/boards/Xilinx/vpk120_revb/es/1.0/board.xml as part xcvp1202-vsva2785-2mp-e-s-es1 specified in board_part file is either invalid or not available
WARNING: [Board 49-26] cannot add Board Part xilinx.com:vpk180_es:part0:1.0 available at C:/Xilinx/Vivado/2022.2/data/xhub/boards/XilinxBoardStore/boards/Xilinx/vpk180/es/1.0/board.xml as part xcvp1802-lsvc4072-2mp-e-s-es1 specified in board_part file is either invalid or not available
WARNING: [Board 49-26] cannot add Board Part xilinx.com:zc706:part0:1.4 available at C:/Xilinx/Vivado/2022.2/data/xhub/boards/XilinxBoardStore/boards/Xilinx/zc706/1.4/board.xml as part xc7z045ffg900-2 specified in board_part file is either invalid or not available
WARNING: [Board 49-26] cannot add Board Part xilinx.com:zcu102:part0:3.3 available at C:/Xilinx/Vivado/2022.2/data/xhub/boards/XilinxBoardStore/boards/Xilinx/zcu102/3.3/board.xml as part xczu9eg-ffvb1156-2-e specified in board_part file is either invalid or not available
WARNING: [Board 49-26] cannot add Board Part xilinx.com:zcu102:part0:3.4 available at C:/Xilinx/Vivado/2022.2/data/xhub/boards/XilinxBoardStore/boards/Xilinx/zcu102/3.4/board.xml as part xczu9eg-ffvb1156-2-e specified in board_part file is either invalid or not available
WARNING: [Board 49-26] cannot add Board Part xilinx.com:zcu111:part0:1.2 available at C:/Xilinx/Vivado/2022.2/data/xhub/boards/XilinxBoardStore/boards/Xilinx/zcu111/1.2/board.xml as part xczu28dr-ffvg1517-2-e specified in board_part file is either invalid or not available
WARNING: [Board 49-26] cannot add Board Part xilinx.com:zcu111:part0:1.3 available at C:/Xilinx/Vivado/2022.2/data/xhub/boards/XilinxBoardStore/boards/Xilinx/zcu111/1.3/board.xml as part xczu28dr-ffvg1517-2-e specified in board_part file is either invalid or not available
WARNING: [Board 49-26] cannot add Board Part xilinx.com:zcu111:part0:1.4 available at C:/Xilinx/Vivado/2022.2/data/xhub/boards/XilinxBoardStore/boards/Xilinx/zcu111/1.4/board.xml as part xczu28dr-ffvg1517-2-e specified in board_part file is either invalid or not available
WARNING: [Board 49-26] cannot add Board Part xilinx.com:zcu1275:part0:1.0 available at C:/Xilinx/Vivado/2022.2/data/xhub/boards/XilinxBoardStore/boards/Xilinx/zcu1275/1.0/board.xml as part xczu29dr-ffvf1760-2-e specified in board_part file is either invalid or not available
WARNING: [Board 49-26] cannot add Board Part xilinx.com:zcu1285:part0:1.0 available at C:/Xilinx/Vivado/2022.2/data/xhub/boards/XilinxBoardStore/boards/Xilinx/zcu1285/1.0/board.xml as part xczu39dr-ffvf1760-2-i specified in board_part file is either invalid or not available
WARNING: [Board 49-26] cannot add Board Part xilinx.com:zcu208:part0:2.0 available at C:/Xilinx/Vivado/2022.2/data/xhub/boards/XilinxBoardStore/boards/Xilinx/zcu208/production/2.0/board.xml as part xczu48dr-fsvg1517-2-e specified in board_part file is either invalid or not available
WARNING: [Board 49-26] cannot add Board Part xilinx.com:zcu208ld:part0:2.0 available at C:/Xilinx/Vivado/2022.2/data/xhub/boards/XilinxBoardStore/boards/Xilinx/zcu208ld/production/2.0/board.xml as part xczu58dr-fsvg1517-2-i specified in board_part file is either invalid or not available
WARNING: [Board 49-26] cannot add Board Part xilinx.com:zcu216:part0:2.0 available at C:/Xilinx/Vivado/2022.2/data/xhub/boards/XilinxBoardStore/boards/Xilinx/zcu216/production/2.0/board.xml as part xczu49dr-ffvf1760-2-e specified in board_part file is either invalid or not available
WARNING: [Board 49-26] cannot add Board Part xilinx.com:zcu216ld:part0:2.0 available at C:/Xilinx/Vivado/2022.2/data/xhub/boards/XilinxBoardStore/boards/Xilinx/zcu216ld/production/2.0/board.xml as part xczu59dr-ffvf1760-2-i specified in board_part file is either invalid or not available
WARNING: [Board 49-26] cannot add Board Part xilinx.com:zcu670:part0:2.0 available at C:/Xilinx/Vivado/2022.2/data/xhub/boards/XilinxBoardStore/boards/Xilinx/zcu670/2.0/board.xml as part xczu67dr-fsve1156-2-i specified in board_part file is either invalid or not available
WARNING: [Board 49-26] cannot add Board Part xilinx.com:zcu670ld:part0:1.0 available at C:/Xilinx/Vivado/2022.2/data/xhub/boards/XilinxBoardStore/boards/Xilinx/zcu670ld/1.0/board.xml as part xczu57dr-fsve1156-2-i specified in board_part file is either invalid or not available
INFO: [filemgmt 56-3] Default IP Output Path : Could not find the directory 'C:/Users/LENOVO/Desktop/CE433/Practice/LAB05/AXI_ALU/AXI_ALU.gen/sources_1'.
Scanning sources...
Finished scanning sources
INFO: [IP_Flow 19-234] Refreshing IP repositories
INFO: [IP_Flow 19-1704] No user IP repositories specified
INFO: [IP_Flow 19-2313] Loaded Vivado IP repository 'C:/Xilinx/Vivado/2022.2/data/ip'.
open_project: Time (s): cpu = 00:00:09 ; elapsed = 00:00:09 . Memory (MB): peak = 1096.840 ; gain = 276.414
update_compile_order -fileset sources_1
launch_simulation
Command: launch_simulation 
INFO: [Vivado 12-12493] Simulation top is 'AXI_ALU_tb'
WARNING: [Vivado 12-13340] Unable to auto find GCC executables from simulator install path! (path not set)
WARNING: [Vivado 12-13277] Compiled library path does not exist: ''
INFO: [Vivado 12-5682] Launching behavioral simulation in 'C:/Users/LENOVO/Desktop/CE433/Practice/LAB05/AXI_ALU/AXI_ALU.sim/sim_1/behav/xsim'
INFO: [SIM-utils-51] Simulation object is 'sim_1'
INFO: [SIM-utils-72] Using boost library from 'C:/Xilinx/Vivado/2022.2/tps/boost_1_72_0'
INFO: [SIM-utils-54] Inspecting design source files for 'AXI_ALU_tb' in fileset 'sim_1'...
INFO: [USF-XSim-97] Finding global include files...
INFO: [USF-XSim-98] Fetching design files from 'sim_1'...
INFO: [USF-XSim-2] XSim::Compile design
INFO: [USF-XSim-61] Executing 'COMPILE and ANALYZE' step in 'C:/Users/LENOVO/Desktop/CE433/Practice/LAB05/AXI_ALU/AXI_ALU.sim/sim_1/behav/xsim'
"xvlog --incr --relax -prj AXI_ALU_tb_vlog.prj"
INFO: [VRFC 10-2263] Analyzing Verilog file "C:/Users/LENOVO/Desktop/CE433/Practice/LAB05/AXI_ALU/AXI_ALU.srcs/sources_1/new/AXI_ALU.v" into library xil_defaultlib
INFO: [VRFC 10-311] analyzing module AXI_ALU
INFO: [VRFC 10-2263] Analyzing Verilog file "C:/Users/LENOVO/Desktop/CE433/Practice/LAB05/AXI_ALU/AXI_ALU.srcs/sim_1/new/AXI_ALU_tb.v" into library xil_defaultlib
INFO: [VRFC 10-311] analyzing module AXI_ALU_tb
INFO: [USF-XSim-69] 'compile' step finished in '2' seconds
INFO: [USF-XSim-3] XSim::Elaborate design
INFO: [USF-XSim-61] Executing 'ELABORATE' step in 'C:/Users/LENOVO/Desktop/CE433/Practice/LAB05/AXI_ALU/AXI_ALU.sim/sim_1/behav/xsim'
"xelab --incr --debug typical --relax --mt 2 -L xil_defaultlib -L unisims_ver -L unimacro_ver -L secureip --snapshot AXI_ALU_tb_behav xil_defaultlib.AXI_ALU_tb xil_defaultlib.glbl -log elaborate.log"
Vivado Simulator v2022.2
Copyright 1986-1999, 2001-2022 Xilinx, Inc. All Rights Reserved.
Running: C:/Xilinx/Vivado/2022.2/bin/unwrapped/win64.o/xelab.exe --incr --debug typical --relax --mt 2 -L xil_defaultlib -L unisims_ver -L unimacro_ver -L secureip --snapshot AXI_ALU_tb_behav xil_defaultlib.AXI_ALU_tb xil_defaultlib.glbl -log elaborate.log 
Using 2 slave threads.
Starting static elaboration
Pass Through NonSizing Optimizer
Completed static elaboration
Starting simulation data flow analysis
Completed simulation data flow analysis
Time Resolution for simulation is 1ps
Compiling module xil_defaultlib.AXI_ALU
Compiling module xil_defaultlib.AXI_ALU_tb
Compiling module xil_defaultlib.glbl
Built simulation snapshot AXI_ALU_tb_behav
INFO: [USF-XSim-69] 'elaborate' step finished in '2' seconds
INFO: [USF-XSim-4] XSim::Simulate design
INFO: [USF-XSim-61] Executing 'SIMULATE' step in 'C:/Users/LENOVO/Desktop/CE433/Practice/LAB05/AXI_ALU/AXI_ALU.sim/sim_1/behav/xsim'
INFO: [USF-XSim-98] *** Running xsim
   with args "AXI_ALU_tb_behav -key {Behavioral:sim_1:Functional:AXI_ALU_tb} -tclbatch {AXI_ALU_tb.tcl} -view {C:/Users/LENOVO/Desktop/CE433/Practice/LAB05/AXI_ALU/AXI_ALU_tb_behav.wcfg} -log {simulate.log}"
INFO: [USF-XSim-8] Loading simulator feature
Time resolution is 1 ps
open_wave_config C:/Users/LENOVO/Desktop/CE433/Practice/LAB05/AXI_ALU/AXI_ALU_tb_behav.wcfg
WARNING: Simulation object /AXI_ALU_tb/DUT/W_READY was not found in the design.
WARNING: Simulation object /AXI_ALU_tb/DUT/R_READY was not found in the design.
source AXI_ALU_tb.tcl
# set curr_wave [current_wave_config]
# if { [string length $curr_wave] == 0 } {
#   if { [llength [get_objects]] > 0} {
#     add_wave /
#     set_property needs_save false [current_wave_config]
#   } else {
#      send_msg_id Add_Wave-1 WARNING "No top level signals found. Simulator will start without a wave window. If you want to open a wave window go to 'File->New Waveform Configuration' or type 'create_wave_config' in the TCL console."
#   }
# }
# run 1000ns
$stop called at time : 195 ns : File "C:/Users/LENOVO/Desktop/CE433/Practice/LAB05/AXI_ALU/AXI_ALU.srcs/sim_1/new/AXI_ALU_tb.v" Line 113
INFO: [USF-XSim-96] XSim completed. Design snapshot 'AXI_ALU_tb_behav' loaded.
INFO: [USF-XSim-97] XSim simulation ran for 1000ns
launch_simulation: Time (s): cpu = 00:00:02 ; elapsed = 00:00:08 . Memory (MB): peak = 1195.547 ; gain = 0.000
save_wave_config {C:/Users/LENOVO/Desktop/CE433/Practice/LAB05/AXI_ALU/AXI_ALU_tb_behav.wcfg}
close_sim
INFO: [Simtcl 6-16] Simulation closed
launch_simulation
Command: launch_simulation 
INFO: [Vivado 12-12493] Simulation top is 'AXI_ALU_tb'
WARNING: [Vivado 12-13340] Unable to auto find GCC executables from simulator install path! (path not set)
WARNING: [Vivado 12-13277] Compiled library path does not exist: ''
INFO: [Vivado 12-5682] Launching behavioral simulation in 'C:/Users/LENOVO/Desktop/CE433/Practice/LAB05/AXI_ALU/AXI_ALU.sim/sim_1/behav/xsim'
INFO: [SIM-utils-51] Simulation object is 'sim_1'
INFO: [SIM-utils-72] Using boost library from 'C:/Xilinx/Vivado/2022.2/tps/boost_1_72_0'
INFO: [SIM-utils-54] Inspecting design source files for 'AXI_ALU_tb' in fileset 'sim_1'...
INFO: [USF-XSim-97] Finding global include files...
INFO: [USF-XSim-98] Fetching design files from 'sim_1'...
INFO: [USF-XSim-2] XSim::Compile design
INFO: [USF-XSim-61] Executing 'COMPILE and ANALYZE' step in 'C:/Users/LENOVO/Desktop/CE433/Practice/LAB05/AXI_ALU/AXI_ALU.sim/sim_1/behav/xsim'
"xvlog --incr --relax -prj AXI_ALU_tb_vlog.prj"
INFO: [VRFC 10-2263] Analyzing Verilog file "C:/Users/LENOVO/Desktop/CE433/Practice/LAB05/AXI_ALU/AXI_ALU.srcs/sources_1/new/AXI_ALU.v" into library xil_defaultlib
INFO: [VRFC 10-311] analyzing module AXI_ALU
INFO: [VRFC 10-2263] Analyzing Verilog file "C:/Users/LENOVO/Desktop/CE433/Practice/LAB05/AXI_ALU/AXI_ALU.srcs/sim_1/new/AXI_ALU_tb.v" into library xil_defaultlib
INFO: [VRFC 10-311] analyzing module AXI_ALU_tb
INFO: [USF-XSim-69] 'compile' step finished in '1' seconds
INFO: [USF-XSim-3] XSim::Elaborate design
INFO: [USF-XSim-61] Executing 'ELABORATE' step in 'C:/Users/LENOVO/Desktop/CE433/Practice/LAB05/AXI_ALU/AXI_ALU.sim/sim_1/behav/xsim'
"xelab --incr --debug typical --relax --mt 2 -L xil_defaultlib -L unisims_ver -L unimacro_ver -L secureip --snapshot AXI_ALU_tb_behav xil_defaultlib.AXI_ALU_tb xil_defaultlib.glbl -log elaborate.log"
Vivado Simulator v2022.2
Copyright 1986-1999, 2001-2022 Xilinx, Inc. All Rights Reserved.
Running: C:/Xilinx/Vivado/2022.2/bin/unwrapped/win64.o/xelab.exe --incr --debug typical --relax --mt 2 -L xil_defaultlib -L unisims_ver -L unimacro_ver -L secureip --snapshot AXI_ALU_tb_behav xil_defaultlib.AXI_ALU_tb xil_defaultlib.glbl -log elaborate.log 
Using 2 slave threads.
Starting static elaboration
Pass Through NonSizing Optimizer
Completed static elaboration
Starting simulation data flow analysis
Completed simulation data flow analysis
Time Resolution for simulation is 1ps
Compiling module xil_defaultlib.AXI_ALU
Compiling module xil_defaultlib.AXI_ALU_tb
Compiling module xil_defaultlib.glbl
Built simulation snapshot AXI_ALU_tb_behav
INFO: [USF-XSim-69] 'elaborate' step finished in '2' seconds
INFO: [USF-XSim-4] XSim::Simulate design
INFO: [USF-XSim-61] Executing 'SIMULATE' step in 'C:/Users/LENOVO/Desktop/CE433/Practice/LAB05/AXI_ALU/AXI_ALU.sim/sim_1/behav/xsim'
INFO: [USF-XSim-98] *** Running xsim
   with args "AXI_ALU_tb_behav -key {Behavioral:sim_1:Functional:AXI_ALU_tb} -tclbatch {AXI_ALU_tb.tcl} -view {C:/Users/LENOVO/Desktop/CE433/Practice/LAB05/AXI_ALU/AXI_ALU_tb_behav.wcfg} -log {simulate.log}"
INFO: [USF-XSim-8] Loading simulator feature
Time resolution is 1 ps
open_wave_config C:/Users/LENOVO/Desktop/CE433/Practice/LAB05/AXI_ALU/AXI_ALU_tb_behav.wcfg
source AXI_ALU_tb.tcl
# set curr_wave [current_wave_config]
# if { [string length $curr_wave] == 0 } {
#   if { [llength [get_objects]] > 0} {
#     add_wave /
#     set_property needs_save false [current_wave_config]
#   } else {
#      send_msg_id Add_Wave-1 WARNING "No top level signals found. Simulator will start without a wave window. If you want to open a wave window go to 'File->New Waveform Configuration' or type 'create_wave_config' in the TCL console."
#   }
# }
# run 1000ns
$stop called at time : 65 ns : File "C:/Users/LENOVO/Desktop/CE433/Practice/LAB05/AXI_ALU/AXI_ALU.srcs/sim_1/new/AXI_ALU_tb.v" Line 115
INFO: [USF-XSim-96] XSim completed. Design snapshot 'AXI_ALU_tb_behav' loaded.
INFO: [USF-XSim-97] XSim simulation ran for 1000ns
close_sim
INFO: [Simtcl 6-16] Simulation closed
launch_simulation
Command: launch_simulation 
INFO: [Vivado 12-12493] Simulation top is 'AXI_ALU_tb'
WARNING: [Vivado 12-13340] Unable to auto find GCC executables from simulator install path! (path not set)
WARNING: [Vivado 12-13277] Compiled library path does not exist: ''
INFO: [Vivado 12-5682] Launching behavioral simulation in 'C:/Users/LENOVO/Desktop/CE433/Practice/LAB05/AXI_ALU/AXI_ALU.sim/sim_1/behav/xsim'
INFO: [SIM-utils-51] Simulation object is 'sim_1'
INFO: [SIM-utils-72] Using boost library from 'C:/Xilinx/Vivado/2022.2/tps/boost_1_72_0'
INFO: [SIM-utils-54] Inspecting design source files for 'AXI_ALU_tb' in fileset 'sim_1'...
INFO: [USF-XSim-97] Finding global include files...
INFO: [USF-XSim-98] Fetching design files from 'sim_1'...
INFO: [USF-XSim-2] XSim::Compile design
INFO: [USF-XSim-61] Executing 'COMPILE and ANALYZE' step in 'C:/Users/LENOVO/Desktop/CE433/Practice/LAB05/AXI_ALU/AXI_ALU.sim/sim_1/behav/xsim'
"xvlog --incr --relax -prj AXI_ALU_tb_vlog.prj"
INFO: [VRFC 10-2263] Analyzing Verilog file "C:/Users/LENOVO/Desktop/CE433/Practice/LAB05/AXI_ALU/AXI_ALU.srcs/sources_1/new/AXI_ALU.v" into library xil_defaultlib
INFO: [VRFC 10-311] analyzing module AXI_ALU
INFO: [VRFC 10-2263] Analyzing Verilog file "C:/Users/LENOVO/Desktop/CE433/Practice/LAB05/AXI_ALU/AXI_ALU.srcs/sim_1/new/AXI_ALU_tb.v" into library xil_defaultlib
INFO: [VRFC 10-311] analyzing module AXI_ALU_tb
INFO: [USF-XSim-69] 'compile' step finished in '2' seconds
INFO: [USF-XSim-3] XSim::Elaborate design
INFO: [USF-XSim-61] Executing 'ELABORATE' step in 'C:/Users/LENOVO/Desktop/CE433/Practice/LAB05/AXI_ALU/AXI_ALU.sim/sim_1/behav/xsim'
"xelab --incr --debug typical --relax --mt 2 -L xil_defaultlib -L unisims_ver -L unimacro_ver -L secureip --snapshot AXI_ALU_tb_behav xil_defaultlib.AXI_ALU_tb xil_defaultlib.glbl -log elaborate.log"
Vivado Simulator v2022.2
Copyright 1986-1999, 2001-2022 Xilinx, Inc. All Rights Reserved.
Running: C:/Xilinx/Vivado/2022.2/bin/unwrapped/win64.o/xelab.exe --incr --debug typical --relax --mt 2 -L xil_defaultlib -L unisims_ver -L unimacro_ver -L secureip --snapshot AXI_ALU_tb_behav xil_defaultlib.AXI_ALU_tb xil_defaultlib.glbl -log elaborate.log 
Using 2 slave threads.
Starting static elaboration
Pass Through NonSizing Optimizer
Completed static elaboration
Starting simulation data flow analysis
Completed simulation data flow analysis
Time Resolution for simulation is 1ps
Compiling module xil_defaultlib.AXI_ALU
Compiling module xil_defaultlib.AXI_ALU_tb
Compiling module xil_defaultlib.glbl
Built simulation snapshot AXI_ALU_tb_behav
INFO: [USF-XSim-69] 'elaborate' step finished in '2' seconds
INFO: [USF-XSim-4] XSim::Simulate design
INFO: [USF-XSim-61] Executing 'SIMULATE' step in 'C:/Users/LENOVO/Desktop/CE433/Practice/LAB05/AXI_ALU/AXI_ALU.sim/sim_1/behav/xsim'
INFO: [USF-XSim-98] *** Running xsim
   with args "AXI_ALU_tb_behav -key {Behavioral:sim_1:Functional:AXI_ALU_tb} -tclbatch {AXI_ALU_tb.tcl} -view {C:/Users/LENOVO/Desktop/CE433/Practice/LAB05/AXI_ALU/AXI_ALU_tb_behav.wcfg} -log {simulate.log}"
INFO: [USF-XSim-8] Loading simulator feature
Time resolution is 1 ps
open_wave_config C:/Users/LENOVO/Desktop/CE433/Practice/LAB05/AXI_ALU/AXI_ALU_tb_behav.wcfg
source AXI_ALU_tb.tcl
# set curr_wave [current_wave_config]
# if { [string length $curr_wave] == 0 } {
#   if { [llength [get_objects]] > 0} {
#     add_wave /
#     set_property needs_save false [current_wave_config]
#   } else {
#      send_msg_id Add_Wave-1 WARNING "No top level signals found. Simulator will start without a wave window. If you want to open a wave window go to 'File->New Waveform Configuration' or type 'create_wave_config' in the TCL console."
#   }
# }
# run 1000ns
$stop called at time : 65 ns : File "C:/Users/LENOVO/Desktop/CE433/Practice/LAB05/AXI_ALU/AXI_ALU.srcs/sim_1/new/AXI_ALU_tb.v" Line 118
INFO: [USF-XSim-96] XSim completed. Design snapshot 'AXI_ALU_tb_behav' loaded.
INFO: [USF-XSim-97] XSim simulation ran for 1000ns
launch_simulation: Time (s): cpu = 00:00:01 ; elapsed = 00:00:06 . Memory (MB): peak = 1195.547 ; gain = 0.000
close_sim
INFO: [Simtcl 6-16] Simulation closed
launch_simulation
Command: launch_simulation 
INFO: [Vivado 12-12493] Simulation top is 'AXI_ALU_tb'
WARNING: [Vivado 12-13340] Unable to auto find GCC executables from simulator install path! (path not set)
WARNING: [Vivado 12-13277] Compiled library path does not exist: ''
INFO: [Vivado 12-5682] Launching behavioral simulation in 'C:/Users/LENOVO/Desktop/CE433/Practice/LAB05/AXI_ALU/AXI_ALU.sim/sim_1/behav/xsim'
INFO: [SIM-utils-51] Simulation object is 'sim_1'
INFO: [SIM-utils-72] Using boost library from 'C:/Xilinx/Vivado/2022.2/tps/boost_1_72_0'
INFO: [SIM-utils-54] Inspecting design source files for 'AXI_ALU_tb' in fileset 'sim_1'...
INFO: [USF-XSim-97] Finding global include files...
INFO: [USF-XSim-98] Fetching design files from 'sim_1'...
INFO: [USF-XSim-2] XSim::Compile design
INFO: [USF-XSim-61] Executing 'COMPILE and ANALYZE' step in 'C:/Users/LENOVO/Desktop/CE433/Practice/LAB05/AXI_ALU/AXI_ALU.sim/sim_1/behav/xsim'
"xvlog --incr --relax -prj AXI_ALU_tb_vlog.prj"
INFO: [VRFC 10-2263] Analyzing Verilog file "C:/Users/LENOVO/Desktop/CE433/Practice/LAB05/AXI_ALU/AXI_ALU.srcs/sources_1/new/AXI_ALU.v" into library xil_defaultlib
INFO: [VRFC 10-311] analyzing module AXI_ALU
INFO: [VRFC 10-2263] Analyzing Verilog file "C:/Users/LENOVO/Desktop/CE433/Practice/LAB05/AXI_ALU/AXI_ALU.srcs/sim_1/new/AXI_ALU_tb.v" into library xil_defaultlib
INFO: [VRFC 10-311] analyzing module AXI_ALU_tb
INFO: [USF-XSim-69] 'compile' step finished in '2' seconds
INFO: [USF-XSim-3] XSim::Elaborate design
INFO: [USF-XSim-61] Executing 'ELABORATE' step in 'C:/Users/LENOVO/Desktop/CE433/Practice/LAB05/AXI_ALU/AXI_ALU.sim/sim_1/behav/xsim'
"xelab --incr --debug typical --relax --mt 2 -L xil_defaultlib -L unisims_ver -L unimacro_ver -L secureip --snapshot AXI_ALU_tb_behav xil_defaultlib.AXI_ALU_tb xil_defaultlib.glbl -log elaborate.log"
Vivado Simulator v2022.2
Copyright 1986-1999, 2001-2022 Xilinx, Inc. All Rights Reserved.
Running: C:/Xilinx/Vivado/2022.2/bin/unwrapped/win64.o/xelab.exe --incr --debug typical --relax --mt 2 -L xil_defaultlib -L unisims_ver -L unimacro_ver -L secureip --snapshot AXI_ALU_tb_behav xil_defaultlib.AXI_ALU_tb xil_defaultlib.glbl -log elaborate.log 
Using 2 slave threads.
Starting static elaboration
Pass Through NonSizing Optimizer
Completed static elaboration
Starting simulation data flow analysis
Completed simulation data flow analysis
Time Resolution for simulation is 1ps
Compiling module xil_defaultlib.AXI_ALU
Compiling module xil_defaultlib.AXI_ALU_tb
Compiling module xil_defaultlib.glbl
Built simulation snapshot AXI_ALU_tb_behav
INFO: [USF-XSim-69] 'elaborate' step finished in '1' seconds
INFO: [USF-XSim-4] XSim::Simulate design
INFO: [USF-XSim-61] Executing 'SIMULATE' step in 'C:/Users/LENOVO/Desktop/CE433/Practice/LAB05/AXI_ALU/AXI_ALU.sim/sim_1/behav/xsim'
INFO: [USF-XSim-98] *** Running xsim
   with args "AXI_ALU_tb_behav -key {Behavioral:sim_1:Functional:AXI_ALU_tb} -tclbatch {AXI_ALU_tb.tcl} -view {C:/Users/LENOVO/Desktop/CE433/Practice/LAB05/AXI_ALU/AXI_ALU_tb_behav.wcfg} -log {simulate.log}"
INFO: [USF-XSim-8] Loading simulator feature
Time resolution is 1 ps
open_wave_config C:/Users/LENOVO/Desktop/CE433/Practice/LAB05/AXI_ALU/AXI_ALU_tb_behav.wcfg
source AXI_ALU_tb.tcl
# set curr_wave [current_wave_config]
# if { [string length $curr_wave] == 0 } {
#   if { [llength [get_objects]] > 0} {
#     add_wave /
#     set_property needs_save false [current_wave_config]
#   } else {
#      send_msg_id Add_Wave-1 WARNING "No top level signals found. Simulator will start without a wave window. If you want to open a wave window go to 'File->New Waveform Configuration' or type 'create_wave_config' in the TCL console."
#   }
# }
# run 1000ns
$stop called at time : 65 ns : File "C:/Users/LENOVO/Desktop/CE433/Practice/LAB05/AXI_ALU/AXI_ALU.srcs/sim_1/new/AXI_ALU_tb.v" Line 119
INFO: [USF-XSim-96] XSim completed. Design snapshot 'AXI_ALU_tb_behav' loaded.
INFO: [USF-XSim-97] XSim simulation ran for 1000ns
close_sim
INFO: [Simtcl 6-16] Simulation closed
launch_simulation
Command: launch_simulation 
INFO: [Vivado 12-12493] Simulation top is 'AXI_ALU_tb'
WARNING: [Vivado 12-13340] Unable to auto find GCC executables from simulator install path! (path not set)
WARNING: [Vivado 12-13277] Compiled library path does not exist: ''
INFO: [Vivado 12-5682] Launching behavioral simulation in 'C:/Users/LENOVO/Desktop/CE433/Practice/LAB05/AXI_ALU/AXI_ALU.sim/sim_1/behav/xsim'
INFO: [SIM-utils-51] Simulation object is 'sim_1'
INFO: [SIM-utils-72] Using boost library from 'C:/Xilinx/Vivado/2022.2/tps/boost_1_72_0'
INFO: [SIM-utils-54] Inspecting design source files for 'AXI_ALU_tb' in fileset 'sim_1'...
INFO: [USF-XSim-97] Finding global include files...
INFO: [USF-XSim-98] Fetching design files from 'sim_1'...
INFO: [USF-XSim-2] XSim::Compile design
INFO: [USF-XSim-61] Executing 'COMPILE and ANALYZE' step in 'C:/Users/LENOVO/Desktop/CE433/Practice/LAB05/AXI_ALU/AXI_ALU.sim/sim_1/behav/xsim'
"xvlog --incr --relax -prj AXI_ALU_tb_vlog.prj"
INFO: [VRFC 10-2263] Analyzing Verilog file "C:/Users/LENOVO/Desktop/CE433/Practice/LAB05/AXI_ALU/AXI_ALU.srcs/sources_1/new/AXI_ALU.v" into library xil_defaultlib
INFO: [VRFC 10-311] analyzing module AXI_ALU
INFO: [VRFC 10-2263] Analyzing Verilog file "C:/Users/LENOVO/Desktop/CE433/Practice/LAB05/AXI_ALU/AXI_ALU.srcs/sim_1/new/AXI_ALU_tb.v" into library xil_defaultlib
INFO: [VRFC 10-311] analyzing module AXI_ALU_tb
INFO: [USF-XSim-69] 'compile' step finished in '2' seconds
INFO: [USF-XSim-3] XSim::Elaborate design
INFO: [USF-XSim-61] Executing 'ELABORATE' step in 'C:/Users/LENOVO/Desktop/CE433/Practice/LAB05/AXI_ALU/AXI_ALU.sim/sim_1/behav/xsim'
"xelab --incr --debug typical --relax --mt 2 -L xil_defaultlib -L unisims_ver -L unimacro_ver -L secureip --snapshot AXI_ALU_tb_behav xil_defaultlib.AXI_ALU_tb xil_defaultlib.glbl -log elaborate.log"
Vivado Simulator v2022.2
Copyright 1986-1999, 2001-2022 Xilinx, Inc. All Rights Reserved.
Running: C:/Xilinx/Vivado/2022.2/bin/unwrapped/win64.o/xelab.exe --incr --debug typical --relax --mt 2 -L xil_defaultlib -L unisims_ver -L unimacro_ver -L secureip --snapshot AXI_ALU_tb_behav xil_defaultlib.AXI_ALU_tb xil_defaultlib.glbl -log elaborate.log 
Using 2 slave threads.
Starting static elaboration
Pass Through NonSizing Optimizer
Completed static elaboration
Starting simulation data flow analysis
Completed simulation data flow analysis
Time Resolution for simulation is 1ps
Compiling module xil_defaultlib.AXI_ALU
Compiling module xil_defaultlib.AXI_ALU_tb
Compiling module xil_defaultlib.glbl
Built simulation snapshot AXI_ALU_tb_behav
INFO: [USF-XSim-69] 'elaborate' step finished in '2' seconds
INFO: [USF-XSim-4] XSim::Simulate design
INFO: [USF-XSim-61] Executing 'SIMULATE' step in 'C:/Users/LENOVO/Desktop/CE433/Practice/LAB05/AXI_ALU/AXI_ALU.sim/sim_1/behav/xsim'
INFO: [USF-XSim-98] *** Running xsim
   with args "AXI_ALU_tb_behav -key {Behavioral:sim_1:Functional:AXI_ALU_tb} -tclbatch {AXI_ALU_tb.tcl} -view {C:/Users/LENOVO/Desktop/CE433/Practice/LAB05/AXI_ALU/AXI_ALU_tb_behav.wcfg} -log {simulate.log}"
INFO: [USF-XSim-8] Loading simulator feature
Time resolution is 1 ps
open_wave_config C:/Users/LENOVO/Desktop/CE433/Practice/LAB05/AXI_ALU/AXI_ALU_tb_behav.wcfg
source AXI_ALU_tb.tcl
# set curr_wave [current_wave_config]
# if { [string length $curr_wave] == 0 } {
#   if { [llength [get_objects]] > 0} {
#     add_wave /
#     set_property needs_save false [current_wave_config]
#   } else {
#      send_msg_id Add_Wave-1 WARNING "No top level signals found. Simulator will start without a wave window. If you want to open a wave window go to 'File->New Waveform Configuration' or type 'create_wave_config' in the TCL console."
#   }
# }
# run 1000ns
$stop called at time : 95 ns : File "C:/Users/LENOVO/Desktop/CE433/Practice/LAB05/AXI_ALU/AXI_ALU.srcs/sim_1/new/AXI_ALU_tb.v" Line 126
INFO: [USF-XSim-96] XSim completed. Design snapshot 'AXI_ALU_tb_behav' loaded.
INFO: [USF-XSim-97] XSim simulation ran for 1000ns
launch_simulation: Time (s): cpu = 00:00:01 ; elapsed = 00:00:05 . Memory (MB): peak = 1195.547 ; gain = 0.000
close_sim
INFO: [Simtcl 6-16] Simulation closed
launch_simulation
Command: launch_simulation 
INFO: [Vivado 12-12493] Simulation top is 'AXI_ALU_tb'
WARNING: [Vivado 12-13340] Unable to auto find GCC executables from simulator install path! (path not set)
WARNING: [Vivado 12-13277] Compiled library path does not exist: ''
INFO: [Vivado 12-5682] Launching behavioral simulation in 'C:/Users/LENOVO/Desktop/CE433/Practice/LAB05/AXI_ALU/AXI_ALU.sim/sim_1/behav/xsim'
INFO: [SIM-utils-51] Simulation object is 'sim_1'
INFO: [SIM-utils-72] Using boost library from 'C:/Xilinx/Vivado/2022.2/tps/boost_1_72_0'
INFO: [SIM-utils-54] Inspecting design source files for 'AXI_ALU_tb' in fileset 'sim_1'...
INFO: [USF-XSim-97] Finding global include files...
INFO: [USF-XSim-98] Fetching design files from 'sim_1'...
INFO: [USF-XSim-2] XSim::Compile design
INFO: [USF-XSim-61] Executing 'COMPILE and ANALYZE' step in 'C:/Users/LENOVO/Desktop/CE433/Practice/LAB05/AXI_ALU/AXI_ALU.sim/sim_1/behav/xsim'
"xvlog --incr --relax -prj AXI_ALU_tb_vlog.prj"
INFO: [VRFC 10-2263] Analyzing Verilog file "C:/Users/LENOVO/Desktop/CE433/Practice/LAB05/AXI_ALU/AXI_ALU.srcs/sources_1/new/AXI_ALU.v" into library xil_defaultlib
INFO: [VRFC 10-311] analyzing module AXI_ALU
INFO: [VRFC 10-2263] Analyzing Verilog file "C:/Users/LENOVO/Desktop/CE433/Practice/LAB05/AXI_ALU/AXI_ALU.srcs/sim_1/new/AXI_ALU_tb.v" into library xil_defaultlib
INFO: [VRFC 10-311] analyzing module AXI_ALU_tb
INFO: [USF-XSim-69] 'compile' step finished in '2' seconds
INFO: [USF-XSim-3] XSim::Elaborate design
INFO: [USF-XSim-61] Executing 'ELABORATE' step in 'C:/Users/LENOVO/Desktop/CE433/Practice/LAB05/AXI_ALU/AXI_ALU.sim/sim_1/behav/xsim'
"xelab --incr --debug typical --relax --mt 2 -L xil_defaultlib -L unisims_ver -L unimacro_ver -L secureip --snapshot AXI_ALU_tb_behav xil_defaultlib.AXI_ALU_tb xil_defaultlib.glbl -log elaborate.log"
Vivado Simulator v2022.2
Copyright 1986-1999, 2001-2022 Xilinx, Inc. All Rights Reserved.
Running: C:/Xilinx/Vivado/2022.2/bin/unwrapped/win64.o/xelab.exe --incr --debug typical --relax --mt 2 -L xil_defaultlib -L unisims_ver -L unimacro_ver -L secureip --snapshot AXI_ALU_tb_behav xil_defaultlib.AXI_ALU_tb xil_defaultlib.glbl -log elaborate.log 
Using 2 slave threads.
Starting static elaboration
Pass Through NonSizing Optimizer
Completed static elaboration
Starting simulation data flow analysis
Completed simulation data flow analysis
Time Resolution for simulation is 1ps
Compiling module xil_defaultlib.AXI_ALU
Compiling module xil_defaultlib.AXI_ALU_tb
Compiling module xil_defaultlib.glbl
Built simulation snapshot AXI_ALU_tb_behav
INFO: [USF-XSim-69] 'elaborate' step finished in '1' seconds
INFO: [USF-XSim-4] XSim::Simulate design
INFO: [USF-XSim-61] Executing 'SIMULATE' step in 'C:/Users/LENOVO/Desktop/CE433/Practice/LAB05/AXI_ALU/AXI_ALU.sim/sim_1/behav/xsim'
INFO: [USF-XSim-98] *** Running xsim
   with args "AXI_ALU_tb_behav -key {Behavioral:sim_1:Functional:AXI_ALU_tb} -tclbatch {AXI_ALU_tb.tcl} -view {C:/Users/LENOVO/Desktop/CE433/Practice/LAB05/AXI_ALU/AXI_ALU_tb_behav.wcfg} -log {simulate.log}"
INFO: [USF-XSim-8] Loading simulator feature
Time resolution is 1 ps
open_wave_config C:/Users/LENOVO/Desktop/CE433/Practice/LAB05/AXI_ALU/AXI_ALU_tb_behav.wcfg
source AXI_ALU_tb.tcl
# set curr_wave [current_wave_config]
# if { [string length $curr_wave] == 0 } {
#   if { [llength [get_objects]] > 0} {
#     add_wave /
#     set_property needs_save false [current_wave_config]
#   } else {
#      send_msg_id Add_Wave-1 WARNING "No top level signals found. Simulator will start without a wave window. If you want to open a wave window go to 'File->New Waveform Configuration' or type 'create_wave_config' in the TCL console."
#   }
# }
# run 1000ns
$stop called at time : 95 ns : File "C:/Users/LENOVO/Desktop/CE433/Practice/LAB05/AXI_ALU/AXI_ALU.srcs/sim_1/new/AXI_ALU_tb.v" Line 126
INFO: [USF-XSim-96] XSim completed. Design snapshot 'AXI_ALU_tb_behav' loaded.
INFO: [USF-XSim-97] XSim simulation ran for 1000ns
close_sim
INFO: [Simtcl 6-16] Simulation closed
launch_simulation
Command: launch_simulation 
INFO: [Vivado 12-12493] Simulation top is 'AXI_ALU_tb'
WARNING: [Vivado 12-13340] Unable to auto find GCC executables from simulator install path! (path not set)
WARNING: [Vivado 12-13277] Compiled library path does not exist: ''
INFO: [Vivado 12-5682] Launching behavioral simulation in 'C:/Users/LENOVO/Desktop/CE433/Practice/LAB05/AXI_ALU/AXI_ALU.sim/sim_1/behav/xsim'
INFO: [SIM-utils-51] Simulation object is 'sim_1'
INFO: [SIM-utils-72] Using boost library from 'C:/Xilinx/Vivado/2022.2/tps/boost_1_72_0'
INFO: [SIM-utils-54] Inspecting design source files for 'AXI_ALU_tb' in fileset 'sim_1'...
INFO: [USF-XSim-97] Finding global include files...
INFO: [USF-XSim-98] Fetching design files from 'sim_1'...
INFO: [USF-XSim-2] XSim::Compile design
INFO: [USF-XSim-61] Executing 'COMPILE and ANALYZE' step in 'C:/Users/LENOVO/Desktop/CE433/Practice/LAB05/AXI_ALU/AXI_ALU.sim/sim_1/behav/xsim'
"xvlog --incr --relax -prj AXI_ALU_tb_vlog.prj"
INFO: [VRFC 10-2263] Analyzing Verilog file "C:/Users/LENOVO/Desktop/CE433/Practice/LAB05/AXI_ALU/AXI_ALU.srcs/sources_1/new/AXI_ALU.v" into library xil_defaultlib
INFO: [VRFC 10-311] analyzing module AXI_ALU
INFO: [VRFC 10-2263] Analyzing Verilog file "C:/Users/LENOVO/Desktop/CE433/Practice/LAB05/AXI_ALU/AXI_ALU.srcs/sim_1/new/AXI_ALU_tb.v" into library xil_defaultlib
INFO: [VRFC 10-311] analyzing module AXI_ALU_tb
INFO: [USF-XSim-69] 'compile' step finished in '1' seconds
INFO: [USF-XSim-3] XSim::Elaborate design
INFO: [USF-XSim-61] Executing 'ELABORATE' step in 'C:/Users/LENOVO/Desktop/CE433/Practice/LAB05/AXI_ALU/AXI_ALU.sim/sim_1/behav/xsim'
"xelab --incr --debug typical --relax --mt 2 -L xil_defaultlib -L unisims_ver -L unimacro_ver -L secureip --snapshot AXI_ALU_tb_behav xil_defaultlib.AXI_ALU_tb xil_defaultlib.glbl -log elaborate.log"
Vivado Simulator v2022.2
Copyright 1986-1999, 2001-2022 Xilinx, Inc. All Rights Reserved.
Running: C:/Xilinx/Vivado/2022.2/bin/unwrapped/win64.o/xelab.exe --incr --debug typical --relax --mt 2 -L xil_defaultlib -L unisims_ver -L unimacro_ver -L secureip --snapshot AXI_ALU_tb_behav xil_defaultlib.AXI_ALU_tb xil_defaultlib.glbl -log elaborate.log 
Using 2 slave threads.
Starting static elaboration
Pass Through NonSizing Optimizer
Completed static elaboration
Starting simulation data flow analysis
Completed simulation data flow analysis
Time Resolution for simulation is 1ps
Compiling module xil_defaultlib.AXI_ALU
Compiling module xil_defaultlib.AXI_ALU_tb
Compiling module xil_defaultlib.glbl
Built simulation snapshot AXI_ALU_tb_behav
INFO: [USF-XSim-69] 'elaborate' step finished in '2' seconds
INFO: [USF-XSim-4] XSim::Simulate design
INFO: [USF-XSim-61] Executing 'SIMULATE' step in 'C:/Users/LENOVO/Desktop/CE433/Practice/LAB05/AXI_ALU/AXI_ALU.sim/sim_1/behav/xsim'
INFO: [USF-XSim-98] *** Running xsim
   with args "AXI_ALU_tb_behav -key {Behavioral:sim_1:Functional:AXI_ALU_tb} -tclbatch {AXI_ALU_tb.tcl} -view {C:/Users/LENOVO/Desktop/CE433/Practice/LAB05/AXI_ALU/AXI_ALU_tb_behav.wcfg} -log {simulate.log}"
INFO: [USF-XSim-8] Loading simulator feature
Time resolution is 1 ps
open_wave_config C:/Users/LENOVO/Desktop/CE433/Practice/LAB05/AXI_ALU/AXI_ALU_tb_behav.wcfg
source AXI_ALU_tb.tcl
# set curr_wave [current_wave_config]
# if { [string length $curr_wave] == 0 } {
#   if { [llength [get_objects]] > 0} {
#     add_wave /
#     set_property needs_save false [current_wave_config]
#   } else {
#      send_msg_id Add_Wave-1 WARNING "No top level signals found. Simulator will start without a wave window. If you want to open a wave window go to 'File->New Waveform Configuration' or type 'create_wave_config' in the TCL console."
#   }
# }
# run 1000ns
$stop called at time : 95 ns : File "C:/Users/LENOVO/Desktop/CE433/Practice/LAB05/AXI_ALU/AXI_ALU.srcs/sim_1/new/AXI_ALU_tb.v" Line 127
INFO: [USF-XSim-96] XSim completed. Design snapshot 'AXI_ALU_tb_behav' loaded.
INFO: [USF-XSim-97] XSim simulation ran for 1000ns
close_sim
INFO: [Simtcl 6-16] Simulation closed
launch_simulation
Command: launch_simulation 
INFO: [Vivado 12-12493] Simulation top is 'AXI_ALU_tb'
WARNING: [Vivado 12-13340] Unable to auto find GCC executables from simulator install path! (path not set)
WARNING: [Vivado 12-13277] Compiled library path does not exist: ''
INFO: [Vivado 12-5682] Launching behavioral simulation in 'C:/Users/LENOVO/Desktop/CE433/Practice/LAB05/AXI_ALU/AXI_ALU.sim/sim_1/behav/xsim'
INFO: [SIM-utils-51] Simulation object is 'sim_1'
INFO: [SIM-utils-72] Using boost library from 'C:/Xilinx/Vivado/2022.2/tps/boost_1_72_0'
INFO: [SIM-utils-54] Inspecting design source files for 'AXI_ALU_tb' in fileset 'sim_1'...
INFO: [USF-XSim-97] Finding global include files...
INFO: [USF-XSim-98] Fetching design files from 'sim_1'...
INFO: [USF-XSim-2] XSim::Compile design
INFO: [USF-XSim-61] Executing 'COMPILE and ANALYZE' step in 'C:/Users/LENOVO/Desktop/CE433/Practice/LAB05/AXI_ALU/AXI_ALU.sim/sim_1/behav/xsim'
"xvlog --incr --relax -prj AXI_ALU_tb_vlog.prj"
INFO: [VRFC 10-2263] Analyzing Verilog file "C:/Users/LENOVO/Desktop/CE433/Practice/LAB05/AXI_ALU/AXI_ALU.srcs/sources_1/new/AXI_ALU.v" into library xil_defaultlib
INFO: [VRFC 10-311] analyzing module AXI_ALU
INFO: [VRFC 10-2263] Analyzing Verilog file "C:/Users/LENOVO/Desktop/CE433/Practice/LAB05/AXI_ALU/AXI_ALU.srcs/sim_1/new/AXI_ALU_tb.v" into library xil_defaultlib
INFO: [VRFC 10-311] analyzing module AXI_ALU_tb
INFO: [USF-XSim-69] 'compile' step finished in '2' seconds
INFO: [USF-XSim-3] XSim::Elaborate design
INFO: [USF-XSim-61] Executing 'ELABORATE' step in 'C:/Users/LENOVO/Desktop/CE433/Practice/LAB05/AXI_ALU/AXI_ALU.sim/sim_1/behav/xsim'
"xelab --incr --debug typical --relax --mt 2 -L xil_defaultlib -L unisims_ver -L unimacro_ver -L secureip --snapshot AXI_ALU_tb_behav xil_defaultlib.AXI_ALU_tb xil_defaultlib.glbl -log elaborate.log"
Vivado Simulator v2022.2
Copyright 1986-1999, 2001-2022 Xilinx, Inc. All Rights Reserved.
Running: C:/Xilinx/Vivado/2022.2/bin/unwrapped/win64.o/xelab.exe --incr --debug typical --relax --mt 2 -L xil_defaultlib -L unisims_ver -L unimacro_ver -L secureip --snapshot AXI_ALU_tb_behav xil_defaultlib.AXI_ALU_tb xil_defaultlib.glbl -log elaborate.log 
Using 2 slave threads.
Starting static elaboration
Pass Through NonSizing Optimizer
Completed static elaboration
Starting simulation data flow analysis
Completed simulation data flow analysis
Time Resolution for simulation is 1ps
Compiling module xil_defaultlib.AXI_ALU
Compiling module xil_defaultlib.AXI_ALU_tb
Compiling module xil_defaultlib.glbl
Built simulation snapshot AXI_ALU_tb_behav
INFO: [USF-XSim-69] 'elaborate' step finished in '1' seconds
INFO: [USF-XSim-4] XSim::Simulate design
INFO: [USF-XSim-61] Executing 'SIMULATE' step in 'C:/Users/LENOVO/Desktop/CE433/Practice/LAB05/AXI_ALU/AXI_ALU.sim/sim_1/behav/xsim'
INFO: [USF-XSim-98] *** Running xsim
   with args "AXI_ALU_tb_behav -key {Behavioral:sim_1:Functional:AXI_ALU_tb} -tclbatch {AXI_ALU_tb.tcl} -view {C:/Users/LENOVO/Desktop/CE433/Practice/LAB05/AXI_ALU/AXI_ALU_tb_behav.wcfg} -log {simulate.log}"
INFO: [USF-XSim-8] Loading simulator feature
Time resolution is 1 ps
open_wave_config C:/Users/LENOVO/Desktop/CE433/Practice/LAB05/AXI_ALU/AXI_ALU_tb_behav.wcfg
source AXI_ALU_tb.tcl
# set curr_wave [current_wave_config]
# if { [string length $curr_wave] == 0 } {
#   if { [llength [get_objects]] > 0} {
#     add_wave /
#     set_property needs_save false [current_wave_config]
#   } else {
#      send_msg_id Add_Wave-1 WARNING "No top level signals found. Simulator will start without a wave window. If you want to open a wave window go to 'File->New Waveform Configuration' or type 'create_wave_config' in the TCL console."
#   }
# }
# run 1000ns
$stop called at time : 105 ns : File "C:/Users/LENOVO/Desktop/CE433/Practice/LAB05/AXI_ALU/AXI_ALU.srcs/sim_1/new/AXI_ALU_tb.v" Line 127
INFO: [USF-XSim-96] XSim completed. Design snapshot 'AXI_ALU_tb_behav' loaded.
INFO: [USF-XSim-97] XSim simulation ran for 1000ns
close_sim
INFO: [Simtcl 6-16] Simulation closed
launch_simulation
Command: launch_simulation 
INFO: [Vivado 12-12493] Simulation top is 'AXI_ALU_tb'
WARNING: [Vivado 12-13340] Unable to auto find GCC executables from simulator install path! (path not set)
WARNING: [Vivado 12-13277] Compiled library path does not exist: ''
INFO: [Vivado 12-5682] Launching behavioral simulation in 'C:/Users/LENOVO/Desktop/CE433/Practice/LAB05/AXI_ALU/AXI_ALU.sim/sim_1/behav/xsim'
INFO: [SIM-utils-51] Simulation object is 'sim_1'
INFO: [SIM-utils-72] Using boost library from 'C:/Xilinx/Vivado/2022.2/tps/boost_1_72_0'
INFO: [SIM-utils-54] Inspecting design source files for 'AXI_ALU_tb' in fileset 'sim_1'...
INFO: [USF-XSim-97] Finding global include files...
INFO: [USF-XSim-98] Fetching design files from 'sim_1'...
INFO: [USF-XSim-2] XSim::Compile design
INFO: [USF-XSim-61] Executing 'COMPILE and ANALYZE' step in 'C:/Users/LENOVO/Desktop/CE433/Practice/LAB05/AXI_ALU/AXI_ALU.sim/sim_1/behav/xsim'
"xvlog --incr --relax -prj AXI_ALU_tb_vlog.prj"
INFO: [VRFC 10-2263] Analyzing Verilog file "C:/Users/LENOVO/Desktop/CE433/Practice/LAB05/AXI_ALU/AXI_ALU.srcs/sources_1/new/AXI_ALU.v" into library xil_defaultlib
INFO: [VRFC 10-311] analyzing module AXI_ALU
INFO: [VRFC 10-2263] Analyzing Verilog file "C:/Users/LENOVO/Desktop/CE433/Practice/LAB05/AXI_ALU/AXI_ALU.srcs/sim_1/new/AXI_ALU_tb.v" into library xil_defaultlib
INFO: [VRFC 10-311] analyzing module AXI_ALU_tb
INFO: [USF-XSim-69] 'compile' step finished in '1' seconds
INFO: [USF-XSim-3] XSim::Elaborate design
INFO: [USF-XSim-61] Executing 'ELABORATE' step in 'C:/Users/LENOVO/Desktop/CE433/Practice/LAB05/AXI_ALU/AXI_ALU.sim/sim_1/behav/xsim'
"xelab --incr --debug typical --relax --mt 2 -L xil_defaultlib -L unisims_ver -L unimacro_ver -L secureip --snapshot AXI_ALU_tb_behav xil_defaultlib.AXI_ALU_tb xil_defaultlib.glbl -log elaborate.log"
Vivado Simulator v2022.2
Copyright 1986-1999, 2001-2022 Xilinx, Inc. All Rights Reserved.
Running: C:/Xilinx/Vivado/2022.2/bin/unwrapped/win64.o/xelab.exe --incr --debug typical --relax --mt 2 -L xil_defaultlib -L unisims_ver -L unimacro_ver -L secureip --snapshot AXI_ALU_tb_behav xil_defaultlib.AXI_ALU_tb xil_defaultlib.glbl -log elaborate.log 
Using 2 slave threads.
Starting static elaboration
Pass Through NonSizing Optimizer
Completed static elaboration
Starting simulation data flow analysis
Completed simulation data flow analysis
Time Resolution for simulation is 1ps
Compiling module xil_defaultlib.AXI_ALU
Compiling module xil_defaultlib.AXI_ALU_tb
Compiling module xil_defaultlib.glbl
Built simulation snapshot AXI_ALU_tb_behav
INFO: [USF-XSim-69] 'elaborate' step finished in '4' seconds
INFO: [USF-XSim-4] XSim::Simulate design
INFO: [USF-XSim-61] Executing 'SIMULATE' step in 'C:/Users/LENOVO/Desktop/CE433/Practice/LAB05/AXI_ALU/AXI_ALU.sim/sim_1/behav/xsim'
INFO: [USF-XSim-98] *** Running xsim
   with args "AXI_ALU_tb_behav -key {Behavioral:sim_1:Functional:AXI_ALU_tb} -tclbatch {AXI_ALU_tb.tcl} -view {C:/Users/LENOVO/Desktop/CE433/Practice/LAB05/AXI_ALU/AXI_ALU_tb_behav.wcfg} -log {simulate.log}"
INFO: [USF-XSim-8] Loading simulator feature
Time resolution is 1 ps
open_wave_config C:/Users/LENOVO/Desktop/CE433/Practice/LAB05/AXI_ALU/AXI_ALU_tb_behav.wcfg
source AXI_ALU_tb.tcl
# set curr_wave [current_wave_config]
# if { [string length $curr_wave] == 0 } {
#   if { [llength [get_objects]] > 0} {
#     add_wave /
#     set_property needs_save false [current_wave_config]
#   } else {
#      send_msg_id Add_Wave-1 WARNING "No top level signals found. Simulator will start without a wave window. If you want to open a wave window go to 'File->New Waveform Configuration' or type 'create_wave_config' in the TCL console."
#   }
# }
# run 1000ns
$stop called at time : 165 ns : File "C:/Users/LENOVO/Desktop/CE433/Practice/LAB05/AXI_ALU/AXI_ALU.srcs/sim_1/new/AXI_ALU_tb.v" Line 132
INFO: [USF-XSim-96] XSim completed. Design snapshot 'AXI_ALU_tb_behav' loaded.
INFO: [USF-XSim-97] XSim simulation ran for 1000ns
launch_simulation: Time (s): cpu = 00:00:01 ; elapsed = 00:00:08 . Memory (MB): peak = 1196.617 ; gain = 1.059
close_sim
INFO: [Simtcl 6-16] Simulation closed
launch_simulation
Command: launch_simulation 
INFO: [Vivado 12-12493] Simulation top is 'AXI_ALU_tb'
WARNING: [Vivado 12-13340] Unable to auto find GCC executables from simulator install path! (path not set)
WARNING: [Vivado 12-13277] Compiled library path does not exist: ''
INFO: [Vivado 12-5682] Launching behavioral simulation in 'C:/Users/LENOVO/Desktop/CE433/Practice/LAB05/AXI_ALU/AXI_ALU.sim/sim_1/behav/xsim'
INFO: [SIM-utils-51] Simulation object is 'sim_1'
INFO: [SIM-utils-72] Using boost library from 'C:/Xilinx/Vivado/2022.2/tps/boost_1_72_0'
INFO: [SIM-utils-54] Inspecting design source files for 'AXI_ALU_tb' in fileset 'sim_1'...
INFO: [USF-XSim-97] Finding global include files...
INFO: [USF-XSim-98] Fetching design files from 'sim_1'...
INFO: [USF-XSim-2] XSim::Compile design
INFO: [USF-XSim-61] Executing 'COMPILE and ANALYZE' step in 'C:/Users/LENOVO/Desktop/CE433/Practice/LAB05/AXI_ALU/AXI_ALU.sim/sim_1/behav/xsim'
"xvlog --incr --relax -prj AXI_ALU_tb_vlog.prj"
INFO: [USF-XSim-69] 'compile' step finished in '1' seconds
INFO: [USF-XSim-3] XSim::Elaborate design
INFO: [USF-XSim-61] Executing 'ELABORATE' step in 'C:/Users/LENOVO/Desktop/CE433/Practice/LAB05/AXI_ALU/AXI_ALU.sim/sim_1/behav/xsim'
"xelab --incr --debug typical --relax --mt 2 -L xil_defaultlib -L unisims_ver -L unimacro_ver -L secureip --snapshot AXI_ALU_tb_behav xil_defaultlib.AXI_ALU_tb xil_defaultlib.glbl -log elaborate.log"
Vivado Simulator v2022.2
Copyright 1986-1999, 2001-2022 Xilinx, Inc. All Rights Reserved.
Running: C:/Xilinx/Vivado/2022.2/bin/unwrapped/win64.o/xelab.exe --incr --debug typical --relax --mt 2 -L xil_defaultlib -L unisims_ver -L unimacro_ver -L secureip --snapshot AXI_ALU_tb_behav xil_defaultlib.AXI_ALU_tb xil_defaultlib.glbl -log elaborate.log 
Using 2 slave threads.
Starting static elaboration
Pass Through NonSizing Optimizer
Completed static elaboration
INFO: [XSIM 43-4323] No Change in HDL. Linking previously generated obj files to create kernel
INFO: [USF-XSim-69] 'elaborate' step finished in '1' seconds
INFO: [USF-XSim-4] XSim::Simulate design
INFO: [USF-XSim-61] Executing 'SIMULATE' step in 'C:/Users/LENOVO/Desktop/CE433/Practice/LAB05/AXI_ALU/AXI_ALU.sim/sim_1/behav/xsim'
INFO: [USF-XSim-98] *** Running xsim
   with args "AXI_ALU_tb_behav -key {Behavioral:sim_1:Functional:AXI_ALU_tb} -tclbatch {AXI_ALU_tb.tcl} -view {C:/Users/LENOVO/Desktop/CE433/Practice/LAB05/AXI_ALU/AXI_ALU_tb_behav.wcfg} -log {simulate.log}"
INFO: [USF-XSim-8] Loading simulator feature
Time resolution is 1 ps
open_wave_config C:/Users/LENOVO/Desktop/CE433/Practice/LAB05/AXI_ALU/AXI_ALU_tb_behav.wcfg
source AXI_ALU_tb.tcl
# set curr_wave [current_wave_config]
# if { [string length $curr_wave] == 0 } {
#   if { [llength [get_objects]] > 0} {
#     add_wave /
#     set_property needs_save false [current_wave_config]
#   } else {
#      send_msg_id Add_Wave-1 WARNING "No top level signals found. Simulator will start without a wave window. If you want to open a wave window go to 'File->New Waveform Configuration' or type 'create_wave_config' in the TCL console."
#   }
# }
# run 1000ns
$stop called at time : 165 ns : File "C:/Users/LENOVO/Desktop/CE433/Practice/LAB05/AXI_ALU/AXI_ALU.srcs/sim_1/new/AXI_ALU_tb.v" Line 132
INFO: [USF-XSim-96] XSim completed. Design snapshot 'AXI_ALU_tb_behav' loaded.
INFO: [USF-XSim-97] XSim simulation ran for 1000ns
close_sim
INFO: [Simtcl 6-16] Simulation closed
launch_simulation
Command: launch_simulation 
INFO: [Vivado 12-12493] Simulation top is 'AXI_ALU_tb'
WARNING: [Vivado 12-13340] Unable to auto find GCC executables from simulator install path! (path not set)
WARNING: [Vivado 12-13277] Compiled library path does not exist: ''
INFO: [Vivado 12-5682] Launching behavioral simulation in 'C:/Users/LENOVO/Desktop/CE433/Practice/LAB05/AXI_ALU/AXI_ALU.sim/sim_1/behav/xsim'
INFO: [SIM-utils-51] Simulation object is 'sim_1'
INFO: [SIM-utils-72] Using boost library from 'C:/Xilinx/Vivado/2022.2/tps/boost_1_72_0'
INFO: [SIM-utils-54] Inspecting design source files for 'AXI_ALU_tb' in fileset 'sim_1'...
INFO: [USF-XSim-97] Finding global include files...
INFO: [USF-XSim-98] Fetching design files from 'sim_1'...
INFO: [USF-XSim-2] XSim::Compile design
INFO: [USF-XSim-61] Executing 'COMPILE and ANALYZE' step in 'C:/Users/LENOVO/Desktop/CE433/Practice/LAB05/AXI_ALU/AXI_ALU.sim/sim_1/behav/xsim'
"xvlog --incr --relax -prj AXI_ALU_tb_vlog.prj"
INFO: [VRFC 10-2263] Analyzing Verilog file "C:/Users/LENOVO/Desktop/CE433/Practice/LAB05/AXI_ALU/AXI_ALU.srcs/sources_1/new/AXI_ALU.v" into library xil_defaultlib
INFO: [VRFC 10-311] analyzing module AXI_ALU
INFO: [VRFC 10-2263] Analyzing Verilog file "C:/Users/LENOVO/Desktop/CE433/Practice/LAB05/AXI_ALU/AXI_ALU.srcs/sim_1/new/AXI_ALU_tb.v" into library xil_defaultlib
INFO: [VRFC 10-311] analyzing module AXI_ALU_tb
INFO: [USF-XSim-69] 'compile' step finished in '1' seconds
INFO: [USF-XSim-3] XSim::Elaborate design
INFO: [USF-XSim-61] Executing 'ELABORATE' step in 'C:/Users/LENOVO/Desktop/CE433/Practice/LAB05/AXI_ALU/AXI_ALU.sim/sim_1/behav/xsim'
"xelab --incr --debug typical --relax --mt 2 -L xil_defaultlib -L unisims_ver -L unimacro_ver -L secureip --snapshot AXI_ALU_tb_behav xil_defaultlib.AXI_ALU_tb xil_defaultlib.glbl -log elaborate.log"
Vivado Simulator v2022.2
Copyright 1986-1999, 2001-2022 Xilinx, Inc. All Rights Reserved.
Running: C:/Xilinx/Vivado/2022.2/bin/unwrapped/win64.o/xelab.exe --incr --debug typical --relax --mt 2 -L xil_defaultlib -L unisims_ver -L unimacro_ver -L secureip --snapshot AXI_ALU_tb_behav xil_defaultlib.AXI_ALU_tb xil_defaultlib.glbl -log elaborate.log 
Using 2 slave threads.
Starting static elaboration
Pass Through NonSizing Optimizer
Completed static elaboration
Starting simulation data flow analysis
Completed simulation data flow analysis
Time Resolution for simulation is 1ps
Compiling module xil_defaultlib.AXI_ALU
Compiling module xil_defaultlib.AXI_ALU_tb
Compiling module xil_defaultlib.glbl
Built simulation snapshot AXI_ALU_tb_behav
INFO: [USF-XSim-69] 'elaborate' step finished in '2' seconds
INFO: [USF-XSim-4] XSim::Simulate design
INFO: [USF-XSim-61] Executing 'SIMULATE' step in 'C:/Users/LENOVO/Desktop/CE433/Practice/LAB05/AXI_ALU/AXI_ALU.sim/sim_1/behav/xsim'
INFO: [USF-XSim-98] *** Running xsim
   with args "AXI_ALU_tb_behav -key {Behavioral:sim_1:Functional:AXI_ALU_tb} -tclbatch {AXI_ALU_tb.tcl} -view {C:/Users/LENOVO/Desktop/CE433/Practice/LAB05/AXI_ALU/AXI_ALU_tb_behav.wcfg} -log {simulate.log}"
INFO: [USF-XSim-8] Loading simulator feature
Time resolution is 1 ps
open_wave_config C:/Users/LENOVO/Desktop/CE433/Practice/LAB05/AXI_ALU/AXI_ALU_tb_behav.wcfg
source AXI_ALU_tb.tcl
# set curr_wave [current_wave_config]
# if { [string length $curr_wave] == 0 } {
#   if { [llength [get_objects]] > 0} {
#     add_wave /
#     set_property needs_save false [current_wave_config]
#   } else {
#      send_msg_id Add_Wave-1 WARNING "No top level signals found. Simulator will start without a wave window. If you want to open a wave window go to 'File->New Waveform Configuration' or type 'create_wave_config' in the TCL console."
#   }
# }
# run 1000ns
$stop called at time : 115 ns : File "C:/Users/LENOVO/Desktop/CE433/Practice/LAB05/AXI_ALU/AXI_ALU.srcs/sim_1/new/AXI_ALU_tb.v" Line 131
INFO: [USF-XSim-96] XSim completed. Design snapshot 'AXI_ALU_tb_behav' loaded.
INFO: [USF-XSim-97] XSim simulation ran for 1000ns
close_sim
INFO: [Simtcl 6-16] Simulation closed
launch_simulation
Command: launch_simulation 
INFO: [Vivado 12-12493] Simulation top is 'AXI_ALU_tb'
WARNING: [Vivado 12-13340] Unable to auto find GCC executables from simulator install path! (path not set)
WARNING: [Vivado 12-13277] Compiled library path does not exist: ''
INFO: [Vivado 12-5682] Launching behavioral simulation in 'C:/Users/LENOVO/Desktop/CE433/Practice/LAB05/AXI_ALU/AXI_ALU.sim/sim_1/behav/xsim'
INFO: [SIM-utils-51] Simulation object is 'sim_1'
INFO: [SIM-utils-72] Using boost library from 'C:/Xilinx/Vivado/2022.2/tps/boost_1_72_0'
INFO: [SIM-utils-54] Inspecting design source files for 'AXI_ALU_tb' in fileset 'sim_1'...
INFO: [USF-XSim-97] Finding global include files...
INFO: [USF-XSim-98] Fetching design files from 'sim_1'...
INFO: [USF-XSim-2] XSim::Compile design
INFO: [USF-XSim-61] Executing 'COMPILE and ANALYZE' step in 'C:/Users/LENOVO/Desktop/CE433/Practice/LAB05/AXI_ALU/AXI_ALU.sim/sim_1/behav/xsim'
"xvlog --incr --relax -prj AXI_ALU_tb_vlog.prj"
INFO: [VRFC 10-2263] Analyzing Verilog file "C:/Users/LENOVO/Desktop/CE433/Practice/LAB05/AXI_ALU/AXI_ALU.srcs/sources_1/new/AXI_ALU.v" into library xil_defaultlib
INFO: [VRFC 10-311] analyzing module AXI_ALU
INFO: [VRFC 10-2263] Analyzing Verilog file "C:/Users/LENOVO/Desktop/CE433/Practice/LAB05/AXI_ALU/AXI_ALU.srcs/sim_1/new/AXI_ALU_tb.v" into library xil_defaultlib
INFO: [VRFC 10-311] analyzing module AXI_ALU_tb
INFO: [USF-XSim-69] 'compile' step finished in '2' seconds
INFO: [USF-XSim-3] XSim::Elaborate design
INFO: [USF-XSim-61] Executing 'ELABORATE' step in 'C:/Users/LENOVO/Desktop/CE433/Practice/LAB05/AXI_ALU/AXI_ALU.sim/sim_1/behav/xsim'
"xelab --incr --debug typical --relax --mt 2 -L xil_defaultlib -L unisims_ver -L unimacro_ver -L secureip --snapshot AXI_ALU_tb_behav xil_defaultlib.AXI_ALU_tb xil_defaultlib.glbl -log elaborate.log"
Vivado Simulator v2022.2
Copyright 1986-1999, 2001-2022 Xilinx, Inc. All Rights Reserved.
Running: C:/Xilinx/Vivado/2022.2/bin/unwrapped/win64.o/xelab.exe --incr --debug typical --relax --mt 2 -L xil_defaultlib -L unisims_ver -L unimacro_ver -L secureip --snapshot AXI_ALU_tb_behav xil_defaultlib.AXI_ALU_tb xil_defaultlib.glbl -log elaborate.log 
Using 2 slave threads.
Starting static elaboration
Pass Through NonSizing Optimizer
Completed static elaboration
Starting simulation data flow analysis
Completed simulation data flow analysis
Time Resolution for simulation is 1ps
Compiling module xil_defaultlib.AXI_ALU
Compiling module xil_defaultlib.AXI_ALU_tb
Compiling module xil_defaultlib.glbl
Built simulation snapshot AXI_ALU_tb_behav
INFO: [USF-XSim-69] 'elaborate' step finished in '2' seconds
INFO: [USF-XSim-4] XSim::Simulate design
INFO: [USF-XSim-61] Executing 'SIMULATE' step in 'C:/Users/LENOVO/Desktop/CE433/Practice/LAB05/AXI_ALU/AXI_ALU.sim/sim_1/behav/xsim'
INFO: [USF-XSim-98] *** Running xsim
   with args "AXI_ALU_tb_behav -key {Behavioral:sim_1:Functional:AXI_ALU_tb} -tclbatch {AXI_ALU_tb.tcl} -view {C:/Users/LENOVO/Desktop/CE433/Practice/LAB05/AXI_ALU/AXI_ALU_tb_behav.wcfg} -log {simulate.log}"
INFO: [USF-XSim-8] Loading simulator feature
Time resolution is 1 ps
open_wave_config C:/Users/LENOVO/Desktop/CE433/Practice/LAB05/AXI_ALU/AXI_ALU_tb_behav.wcfg
source AXI_ALU_tb.tcl
# set curr_wave [current_wave_config]
# if { [string length $curr_wave] == 0 } {
#   if { [llength [get_objects]] > 0} {
#     add_wave /
#     set_property needs_save false [current_wave_config]
#   } else {
#      send_msg_id Add_Wave-1 WARNING "No top level signals found. Simulator will start without a wave window. If you want to open a wave window go to 'File->New Waveform Configuration' or type 'create_wave_config' in the TCL console."
#   }
# }
# run 1000ns
$stop called at time : 130 ns : File "C:/Users/LENOVO/Desktop/CE433/Practice/LAB05/AXI_ALU/AXI_ALU.srcs/sim_1/new/AXI_ALU_tb.v" Line 131
INFO: [USF-XSim-96] XSim completed. Design snapshot 'AXI_ALU_tb_behav' loaded.
INFO: [USF-XSim-97] XSim simulation ran for 1000ns
launch_simulation: Time (s): cpu = 00:00:00 ; elapsed = 00:00:05 . Memory (MB): peak = 1201.531 ; gain = 2.508
close_sim
INFO: [Simtcl 6-16] Simulation closed
launch_simulation
Command: launch_simulation 
INFO: [Vivado 12-12493] Simulation top is 'AXI_ALU_tb'
WARNING: [Vivado 12-13340] Unable to auto find GCC executables from simulator install path! (path not set)
WARNING: [Vivado 12-13277] Compiled library path does not exist: ''
INFO: [Vivado 12-5682] Launching behavioral simulation in 'C:/Users/LENOVO/Desktop/CE433/Practice/LAB05/AXI_ALU/AXI_ALU.sim/sim_1/behav/xsim'
INFO: [SIM-utils-51] Simulation object is 'sim_1'
INFO: [SIM-utils-72] Using boost library from 'C:/Xilinx/Vivado/2022.2/tps/boost_1_72_0'
INFO: [SIM-utils-54] Inspecting design source files for 'AXI_ALU_tb' in fileset 'sim_1'...
INFO: [USF-XSim-97] Finding global include files...
INFO: [USF-XSim-98] Fetching design files from 'sim_1'...
INFO: [USF-XSim-2] XSim::Compile design
INFO: [USF-XSim-61] Executing 'COMPILE and ANALYZE' step in 'C:/Users/LENOVO/Desktop/CE433/Practice/LAB05/AXI_ALU/AXI_ALU.sim/sim_1/behav/xsim'
"xvlog --incr --relax -prj AXI_ALU_tb_vlog.prj"
INFO: [VRFC 10-2263] Analyzing Verilog file "C:/Users/LENOVO/Desktop/CE433/Practice/LAB05/AXI_ALU/AXI_ALU.srcs/sources_1/new/AXI_ALU.v" into library xil_defaultlib
INFO: [VRFC 10-311] analyzing module AXI_ALU
INFO: [VRFC 10-2263] Analyzing Verilog file "C:/Users/LENOVO/Desktop/CE433/Practice/LAB05/AXI_ALU/AXI_ALU.srcs/sim_1/new/AXI_ALU_tb.v" into library xil_defaultlib
INFO: [VRFC 10-311] analyzing module AXI_ALU_tb
INFO: [USF-XSim-69] 'compile' step finished in '1' seconds
INFO: [USF-XSim-3] XSim::Elaborate design
INFO: [USF-XSim-61] Executing 'ELABORATE' step in 'C:/Users/LENOVO/Desktop/CE433/Practice/LAB05/AXI_ALU/AXI_ALU.sim/sim_1/behav/xsim'
"xelab --incr --debug typical --relax --mt 2 -L xil_defaultlib -L unisims_ver -L unimacro_ver -L secureip --snapshot AXI_ALU_tb_behav xil_defaultlib.AXI_ALU_tb xil_defaultlib.glbl -log elaborate.log"
Vivado Simulator v2022.2
Copyright 1986-1999, 2001-2022 Xilinx, Inc. All Rights Reserved.
Running: C:/Xilinx/Vivado/2022.2/bin/unwrapped/win64.o/xelab.exe --incr --debug typical --relax --mt 2 -L xil_defaultlib -L unisims_ver -L unimacro_ver -L secureip --snapshot AXI_ALU_tb_behav xil_defaultlib.AXI_ALU_tb xil_defaultlib.glbl -log elaborate.log 
Using 2 slave threads.
Starting static elaboration
Pass Through NonSizing Optimizer
Completed static elaboration
Starting simulation data flow analysis
Completed simulation data flow analysis
Time Resolution for simulation is 1ps
Compiling module xil_defaultlib.AXI_ALU
Compiling module xil_defaultlib.AXI_ALU_tb
Compiling module xil_defaultlib.glbl
Built simulation snapshot AXI_ALU_tb_behav
INFO: [USF-XSim-69] 'elaborate' step finished in '2' seconds
INFO: [USF-XSim-4] XSim::Simulate design
INFO: [USF-XSim-61] Executing 'SIMULATE' step in 'C:/Users/LENOVO/Desktop/CE433/Practice/LAB05/AXI_ALU/AXI_ALU.sim/sim_1/behav/xsim'
INFO: [USF-XSim-98] *** Running xsim
   with args "AXI_ALU_tb_behav -key {Behavioral:sim_1:Functional:AXI_ALU_tb} -tclbatch {AXI_ALU_tb.tcl} -view {C:/Users/LENOVO/Desktop/CE433/Practice/LAB05/AXI_ALU/AXI_ALU_tb_behav.wcfg} -log {simulate.log}"
INFO: [USF-XSim-8] Loading simulator feature
Time resolution is 1 ps
open_wave_config C:/Users/LENOVO/Desktop/CE433/Practice/LAB05/AXI_ALU/AXI_ALU_tb_behav.wcfg
source AXI_ALU_tb.tcl
# set curr_wave [current_wave_config]
# if { [string length $curr_wave] == 0 } {
#   if { [llength [get_objects]] > 0} {
#     add_wave /
#     set_property needs_save false [current_wave_config]
#   } else {
#      send_msg_id Add_Wave-1 WARNING "No top level signals found. Simulator will start without a wave window. If you want to open a wave window go to 'File->New Waveform Configuration' or type 'create_wave_config' in the TCL console."
#   }
# }
# run 1000ns
$stop called at time : 150 ns : File "C:/Users/LENOVO/Desktop/CE433/Practice/LAB05/AXI_ALU/AXI_ALU.srcs/sim_1/new/AXI_ALU_tb.v" Line 131
INFO: [USF-XSim-96] XSim completed. Design snapshot 'AXI_ALU_tb_behav' loaded.
INFO: [USF-XSim-97] XSim simulation ran for 1000ns
close_sim
INFO: [Simtcl 6-16] Simulation closed
launch_simulation
Command: launch_simulation 
INFO: [Vivado 12-12493] Simulation top is 'AXI_ALU_tb'
WARNING: [Vivado 12-13340] Unable to auto find GCC executables from simulator install path! (path not set)
WARNING: [Vivado 12-13277] Compiled library path does not exist: ''
INFO: [Vivado 12-5682] Launching behavioral simulation in 'C:/Users/LENOVO/Desktop/CE433/Practice/LAB05/AXI_ALU/AXI_ALU.sim/sim_1/behav/xsim'
INFO: [SIM-utils-51] Simulation object is 'sim_1'
INFO: [SIM-utils-72] Using boost library from 'C:/Xilinx/Vivado/2022.2/tps/boost_1_72_0'
INFO: [SIM-utils-54] Inspecting design source files for 'AXI_ALU_tb' in fileset 'sim_1'...
INFO: [USF-XSim-97] Finding global include files...
INFO: [USF-XSim-98] Fetching design files from 'sim_1'...
INFO: [USF-XSim-2] XSim::Compile design
INFO: [USF-XSim-61] Executing 'COMPILE and ANALYZE' step in 'C:/Users/LENOVO/Desktop/CE433/Practice/LAB05/AXI_ALU/AXI_ALU.sim/sim_1/behav/xsim'
"xvlog --incr --relax -prj AXI_ALU_tb_vlog.prj"
INFO: [VRFC 10-2263] Analyzing Verilog file "C:/Users/LENOVO/Desktop/CE433/Practice/LAB05/AXI_ALU/AXI_ALU.srcs/sources_1/new/AXI_ALU.v" into library xil_defaultlib
INFO: [VRFC 10-311] analyzing module AXI_ALU
INFO: [VRFC 10-2263] Analyzing Verilog file "C:/Users/LENOVO/Desktop/CE433/Practice/LAB05/AXI_ALU/AXI_ALU.srcs/sim_1/new/AXI_ALU_tb.v" into library xil_defaultlib
INFO: [VRFC 10-311] analyzing module AXI_ALU_tb
INFO: [USF-XSim-69] 'compile' step finished in '3' seconds
INFO: [USF-XSim-3] XSim::Elaborate design
INFO: [USF-XSim-61] Executing 'ELABORATE' step in 'C:/Users/LENOVO/Desktop/CE433/Practice/LAB05/AXI_ALU/AXI_ALU.sim/sim_1/behav/xsim'
"xelab --incr --debug typical --relax --mt 2 -L xil_defaultlib -L unisims_ver -L unimacro_ver -L secureip --snapshot AXI_ALU_tb_behav xil_defaultlib.AXI_ALU_tb xil_defaultlib.glbl -log elaborate.log"
Vivado Simulator v2022.2
Copyright 1986-1999, 2001-2022 Xilinx, Inc. All Rights Reserved.
Running: C:/Xilinx/Vivado/2022.2/bin/unwrapped/win64.o/xelab.exe --incr --debug typical --relax --mt 2 -L xil_defaultlib -L unisims_ver -L unimacro_ver -L secureip --snapshot AXI_ALU_tb_behav xil_defaultlib.AXI_ALU_tb xil_defaultlib.glbl -log elaborate.log 
Using 2 slave threads.
Starting static elaboration
Pass Through NonSizing Optimizer
Completed static elaboration
Starting simulation data flow analysis
Completed simulation data flow analysis
Time Resolution for simulation is 1ps
Compiling module xil_defaultlib.AXI_ALU
Compiling module xil_defaultlib.AXI_ALU_tb
Compiling module xil_defaultlib.glbl
Built simulation snapshot AXI_ALU_tb_behav
run_program: Time (s): cpu = 00:00:01 ; elapsed = 00:00:09 . Memory (MB): peak = 1201.879 ; gain = 0.000
INFO: [USF-XSim-69] 'elaborate' step finished in '9' seconds
INFO: [USF-XSim-4] XSim::Simulate design
INFO: [USF-XSim-61] Executing 'SIMULATE' step in 'C:/Users/LENOVO/Desktop/CE433/Practice/LAB05/AXI_ALU/AXI_ALU.sim/sim_1/behav/xsim'
INFO: [USF-XSim-98] *** Running xsim
   with args "AXI_ALU_tb_behav -key {Behavioral:sim_1:Functional:AXI_ALU_tb} -tclbatch {AXI_ALU_tb.tcl} -view {C:/Users/LENOVO/Desktop/CE433/Practice/LAB05/AXI_ALU/AXI_ALU_tb_behav.wcfg} -log {simulate.log}"
INFO: [USF-XSim-8] Loading simulator feature
Time resolution is 1 ps
open_wave_config C:/Users/LENOVO/Desktop/CE433/Practice/LAB05/AXI_ALU/AXI_ALU_tb_behav.wcfg
source AXI_ALU_tb.tcl
# set curr_wave [current_wave_config]
# if { [string length $curr_wave] == 0 } {
#   if { [llength [get_objects]] > 0} {
#     add_wave /
#     set_property needs_save false [current_wave_config]
#   } else {
#      send_msg_id Add_Wave-1 WARNING "No top level signals found. Simulator will start without a wave window. If you want to open a wave window go to 'File->New Waveform Configuration' or type 'create_wave_config' in the TCL console."
#   }
# }
# run 1000ns
$stop called at time : 180 ns : File "C:/Users/LENOVO/Desktop/CE433/Practice/LAB05/AXI_ALU/AXI_ALU.srcs/sim_1/new/AXI_ALU_tb.v" Line 120
INFO: [USF-XSim-96] XSim completed. Design snapshot 'AXI_ALU_tb_behav' loaded.
INFO: [USF-XSim-97] XSim simulation ran for 1000ns
launch_simulation: Time (s): cpu = 00:00:02 ; elapsed = 00:00:15 . Memory (MB): peak = 1202.348 ; gain = 0.469
save_wave_config {C:/Users/LENOVO/Desktop/CE433/Practice/LAB05/AXI_ALU/AXI_ALU_tb_behav.wcfg}
close_sim
INFO: [Simtcl 6-16] Simulation closed
launch_simulation
Command: launch_simulation 
INFO: [Vivado 12-12493] Simulation top is 'AXI_ALU_tb'
WARNING: [Vivado 12-13340] Unable to auto find GCC executables from simulator install path! (path not set)
WARNING: [Vivado 12-13277] Compiled library path does not exist: ''
INFO: [Vivado 12-5682] Launching behavioral simulation in 'C:/Users/LENOVO/Desktop/CE433/Practice/LAB05/AXI_ALU/AXI_ALU.sim/sim_1/behav/xsim'
INFO: [SIM-utils-51] Simulation object is 'sim_1'
INFO: [SIM-utils-72] Using boost library from 'C:/Xilinx/Vivado/2022.2/tps/boost_1_72_0'
INFO: [SIM-utils-54] Inspecting design source files for 'AXI_ALU_tb' in fileset 'sim_1'...
INFO: [USF-XSim-97] Finding global include files...
INFO: [USF-XSim-98] Fetching design files from 'sim_1'...
INFO: [USF-XSim-2] XSim::Compile design
INFO: [USF-XSim-61] Executing 'COMPILE and ANALYZE' step in 'C:/Users/LENOVO/Desktop/CE433/Practice/LAB05/AXI_ALU/AXI_ALU.sim/sim_1/behav/xsim'
"xvlog --incr --relax -prj AXI_ALU_tb_vlog.prj"
INFO: [VRFC 10-2263] Analyzing Verilog file "C:/Users/LENOVO/Desktop/CE433/Practice/LAB05/AXI_ALU/AXI_ALU.srcs/sources_1/new/AXI_ALU.v" into library xil_defaultlib
INFO: [VRFC 10-311] analyzing module AXI_ALU
INFO: [VRFC 10-2263] Analyzing Verilog file "C:/Users/LENOVO/Desktop/CE433/Practice/LAB05/AXI_ALU/AXI_ALU.srcs/sim_1/new/AXI_ALU_tb.v" into library xil_defaultlib
INFO: [VRFC 10-311] analyzing module AXI_ALU_tb
INFO: [USF-XSim-69] 'compile' step finished in '2' seconds
INFO: [USF-XSim-3] XSim::Elaborate design
INFO: [USF-XSim-61] Executing 'ELABORATE' step in 'C:/Users/LENOVO/Desktop/CE433/Practice/LAB05/AXI_ALU/AXI_ALU.sim/sim_1/behav/xsim'
"xelab --incr --debug typical --relax --mt 2 -L xil_defaultlib -L unisims_ver -L unimacro_ver -L secureip --snapshot AXI_ALU_tb_behav xil_defaultlib.AXI_ALU_tb xil_defaultlib.glbl -log elaborate.log"
Vivado Simulator v2022.2
Copyright 1986-1999, 2001-2022 Xilinx, Inc. All Rights Reserved.
Running: C:/Xilinx/Vivado/2022.2/bin/unwrapped/win64.o/xelab.exe --incr --debug typical --relax --mt 2 -L xil_defaultlib -L unisims_ver -L unimacro_ver -L secureip --snapshot AXI_ALU_tb_behav xil_defaultlib.AXI_ALU_tb xil_defaultlib.glbl -log elaborate.log 
Using 2 slave threads.
Starting static elaboration
Pass Through NonSizing Optimizer
Completed static elaboration
Starting simulation data flow analysis
Completed simulation data flow analysis
Time Resolution for simulation is 1ps
Compiling module xil_defaultlib.AXI_ALU
Compiling module xil_defaultlib.AXI_ALU_tb
Compiling module xil_defaultlib.glbl
Built simulation snapshot AXI_ALU_tb_behav
INFO: [USF-XSim-69] 'elaborate' step finished in '3' seconds
INFO: [USF-XSim-4] XSim::Simulate design
INFO: [USF-XSim-61] Executing 'SIMULATE' step in 'C:/Users/LENOVO/Desktop/CE433/Practice/LAB05/AXI_ALU/AXI_ALU.sim/sim_1/behav/xsim'
INFO: [USF-XSim-98] *** Running xsim
   with args "AXI_ALU_tb_behav -key {Behavioral:sim_1:Functional:AXI_ALU_tb} -tclbatch {AXI_ALU_tb.tcl} -view {C:/Users/LENOVO/Desktop/CE433/Practice/LAB05/AXI_ALU/AXI_ALU_tb_behav.wcfg} -log {simulate.log}"
INFO: [USF-XSim-8] Loading simulator feature
Time resolution is 1 ps
open_wave_config C:/Users/LENOVO/Desktop/CE433/Practice/LAB05/AXI_ALU/AXI_ALU_tb_behav.wcfg
source AXI_ALU_tb.tcl
# set curr_wave [current_wave_config]
# if { [string length $curr_wave] == 0 } {
#   if { [llength [get_objects]] > 0} {
#     add_wave /
#     set_property needs_save false [current_wave_config]
#   } else {
#      send_msg_id Add_Wave-1 WARNING "No top level signals found. Simulator will start without a wave window. If you want to open a wave window go to 'File->New Waveform Configuration' or type 'create_wave_config' in the TCL console."
#   }
# }
# run 1000ns
$stop called at time : 180 ns : File "C:/Users/LENOVO/Desktop/CE433/Practice/LAB05/AXI_ALU/AXI_ALU.srcs/sim_1/new/AXI_ALU_tb.v" Line 120
INFO: [USF-XSim-96] XSim completed. Design snapshot 'AXI_ALU_tb_behav' loaded.
INFO: [USF-XSim-97] XSim simulation ran for 1000ns
launch_simulation: Time (s): cpu = 00:00:01 ; elapsed = 00:00:06 . Memory (MB): peak = 1208.793 ; gain = 3.984
close_sim
INFO: [Simtcl 6-16] Simulation closed
exit
INFO: [Common 17-206] Exiting Vivado at Fri Jun 28 16:25:15 2024...
